Using pre-set license
Built from '2020.2/release' branch; Version is '2020.2.2f1 (068178b99f32) revision 426360'; Using compiler version '192528614'; Build Type 'Release'
OS: 'Windows 10 Home; OS build 18363.1256; Version 1909; 64bit' Language: 'en' Physical Memory: 16335 MB
BatchMode: 1, IsHumanControllingUs: 0, StartBugReporterOnCrash: 0, Is64bit: 1, IsPro: 0

 COMMAND LINE ARGUMENTS:
C:\Program Files\Unity\Hub\Editor\2020.2.2f1\Editor\Unity.exe
-adb2
-batchMode
-noUpm
-name
AssetImportWorker0
-projectPath
C:/Users/Tanner/Downloads/2021 Global Game Jam v4/2021 Global Game Jam
-logFile
Logs/AssetImportWorker0.log
-srvPort
61763
Successfully changed project path to: C:/Users/Tanner/Downloads/2021 Global Game Jam v4/2021 Global Game Jam
C:/Users/Tanner/Downloads/2021 Global Game Jam v4/2021 Global Game Jam
Using Asset Import Pipeline V2.
Refreshing native plugins compatible for Editor in 65.63 ms, found 1 plugins.
Preloading 0 native plugins for Editor in 0.00 ms.
Initialize engine version: 2020.2.2f1 (068178b99f32)
[Subsystems] Discovering subsystems at path C:/Program Files/Unity/Hub/Editor/2020.2.2f1/Editor/Data/Resources/UnitySubsystems
[Subsystems] Discovering subsystems at path C:/Users/Tanner/Downloads/2021 Global Game Jam v4/2021 Global Game Jam/Assets
GfxDevice: creating device client; threaded=0
Direct3D:
    Version:  Direct3D 11.0 [level 11.1]
    Renderer: NVIDIA GeForce GTX 1060 3GB (ID=0x1c02)
    Vendor:   
    VRAM:     2988 MB
    Driver:   27.21.14.5751
Shader 'Universal Render Pipeline/Particles/Lit': fallback shader 'Universal Render Pipeline/Particles/SimpleLit' not found
Initialize mono
Mono path[0] = 'C:/Program Files/Unity/Hub/Editor/2020.2.2f1/Editor/Data/Managed'
Mono path[1] = 'C:/Program Files/Unity/Hub/Editor/2020.2.2f1/Editor/Data/MonoBleedingEdge/lib/mono/unityjit'
Mono config path = 'C:/Program Files/Unity/Hub/Editor/2020.2.2f1/Editor/Data/MonoBleedingEdge/etc'
Using monoOptions --debugger-agent=transport=dt_socket,embedding=1,server=y,suspend=n,address=127.0.0.1:56900
Begin MonoManager ReloadAssembly
Registering precompiled unity dll's ...
Register platform support module: C:/Program Files/Unity/Hub/Editor/2020.2.2f1/Editor/Data/PlaybackEngines/WindowsStandaloneSupport/UnityEditor.WindowsStandalone.Extensions.dll
Registered in 0.002579 seconds.
Native extension for WindowsStandalone target not found
Refreshing native plugins compatible for Editor in 64.22 ms, found 1 plugins.
Preloading 0 native plugins for Editor in 0.00 ms.
Invoked RoslynAnalysisRunner static constructor.
RoslynAnalysisRunner will not be running.
RoslynAnalysisRunner has terminated.
Mono: successfully reloaded assembly
- Completed reload, in  1.256 seconds
Platform modules already initialized, skipping
Registering precompiled user dll's ...
Registered in 0.002213 seconds.
Begin MonoManager ReloadAssembly
Native extension for WindowsStandalone target not found
Refreshing native plugins compatible for Editor in 67.32 ms, found 1 plugins.
Preloading 0 native plugins for Editor in 0.00 ms.
Invoked RoslynAnalysisRunner static constructor.
RoslynAnalysisRunner will not be running.
RoslynAnalysisRunner has terminated.
Mono: successfully reloaded assembly
- Completed reload, in  1.214 seconds
Platform modules already initialized, skipping
========================================================================
Worker process is ready to serve import requests
Shader 'Universal Render Pipeline/Particles/Lit': fallback shader 'Universal Render Pipeline/Particles/SimpleLit' not found
Launched and connected shader compiler UnityShaderCompiler.exe after 0.05 seconds
Refreshing native plugins compatible for Editor in 0.62 ms, found 1 plugins.
Preloading 0 native plugins for Editor in 0.00 ms.
Unloading 2939 Unused Serialized files (Serialized files now loaded: 0)
System memory in use before: 129.1 MB.
System memory in use after: 129.2 MB.

Unloading 25 unused Assets to reduce memory usage. Loaded Objects now: 3382.
Total: 2.888200 ms (FindLiveObjects: 0.336700 ms CreateObjectMapping: 0.108500 ms MarkObjects: 2.277000 ms  DeleteObjects: 0.164900 ms)

========================================================================
Received Import Request.
  path: Assets/FloorWallSidingBottom.png
  artifactKey: Guid(7e044f682a7371649a083f13aa076199) Importer(815301076,1909f56bfc062723c751e8b465ee728b)
Start importing Assets/FloorWallSidingBottom.png using Guid(7e044f682a7371649a083f13aa076199) Importer(815301076,1909f56bfc062723c751e8b465ee728b)  -> (artifact id: 'dacb3502e99198f37801c2bfbf0da791') in 0.093563 seconds
  Import took 0.098962 seconds .

========================================================================
Received Import Request.
  Time since last request: 0.000251 seconds.
  path: Assets/Bullet.prefab
  artifactKey: Guid(fbea1e2c8f318fe4dbbd0e52c230e552) Importer(815301076,1909f56bfc062723c751e8b465ee728b)
Start importing Assets/Bullet.prefab using Guid(fbea1e2c8f318fe4dbbd0e52c230e552) Importer(815301076,1909f56bfc062723c751e8b465ee728b)  -> (artifact id: 'f89227de52e8a53eb0b3eee015cbec99') in 0.244828 seconds
  Import took 0.249755 seconds .

========================================================================
Received Import Request.
  Time since last request: 0.000196 seconds.
  path: Assets/PipelineAsset_Renderer.asset
  artifactKey: Guid(9a1d8785b7e7a2a4c84bc1ac0037e3d3) Importer(815301076,1909f56bfc062723c751e8b465ee728b)
Start importing Assets/PipelineAsset_Renderer.asset using Guid(9a1d8785b7e7a2a4c84bc1ac0037e3d3) Importer(815301076,1909f56bfc062723c751e8b465ee728b)  -> (artifact id: '2c5c0940eaddb3386f1cf479bca8b77d') in 0.008087 seconds
  Import took 0.012888 seconds .

========================================================================
Received Import Request.
  Time since last request: 0.000181 seconds.
  path: Assets/Keycard.png
  artifactKey: Guid(45c520871086a3242aab7acff5d29861) Importer(815301076,1909f56bfc062723c751e8b465ee728b)
Start importing Assets/Keycard.png using Guid(45c520871086a3242aab7acff5d29861) Importer(815301076,1909f56bfc062723c751e8b465ee728b)  -> (artifact id: 'ccc689858582c21a6dea7d7b56923e55') in 0.025623 seconds
  Import took 0.030693 seconds .

========================================================================
Received Import Request.
  Time since last request: 0.000187 seconds.
  path: Assets/Laser.png
  artifactKey: Guid(21625e348f734cc42aba44848479e1f0) Importer(815301076,1909f56bfc062723c751e8b465ee728b)
Start importing Assets/Laser.png using Guid(21625e348f734cc42aba44848479e1f0) Importer(815301076,1909f56bfc062723c751e8b465ee728b)  -> (artifact id: 'e41c7e8fe68410e19242809e59dd3395') in 0.029437 seconds
  Import took 0.034449 seconds .

========================================================================
Received Import Request.
  Time since last request: 0.000188 seconds.
  path: Assets/Laser2.png
  artifactKey: Guid(037ea88c75964ce49ab47fc630cb8304) Importer(815301076,1909f56bfc062723c751e8b465ee728b)
Start importing Assets/Laser2.png using Guid(037ea88c75964ce49ab47fc630cb8304) Importer(815301076,1909f56bfc062723c751e8b465ee728b)  -> (artifact id: 'f124f52ce4bcf22c5599564a638a19de') in 0.043219 seconds
  Import took 0.047864 seconds .

========================================================================
Received Import Request.
  Time since last request: 0.000178 seconds.
  path: Assets/Enemy Bullet.prefab
  artifactKey: Guid(cf32ff6f23f5ddf4ebcea52fb178e00f) Importer(815301076,1909f56bfc062723c751e8b465ee728b)
Start importing Assets/Enemy Bullet.prefab using Guid(cf32ff6f23f5ddf4ebcea52fb178e00f) Importer(815301076,1909f56bfc062723c751e8b465ee728b)  -> (artifact id: '644bedb92871e7c538afc72cc1e916c9') in 0.012171 seconds
  Import took 0.017311 seconds .

========================================================================
Received Import Request.
  Time since last request: 0.000200 seconds.
  path: Assets/EnemyExplode.png
  artifactKey: Guid(76032753c82585f40b0b088ec385ab92) Importer(815301076,1909f56bfc062723c751e8b465ee728b)
Start importing Assets/EnemyExplode.png using Guid(76032753c82585f40b0b088ec385ab92) Importer(815301076,1909f56bfc062723c751e8b465ee728b)  -> (artifact id: '2272f320854f9c55d6c7639fc22a308f') in 0.014788 seconds
  Import took 0.020241 seconds .

========================================================================
Received Import Request.
  Time since last request: 0.000237 seconds.
  path: Assets/Explosion.prefab
  artifactKey: Guid(dd11eeba565e32b4a95dd7a9b618e6b8) Importer(815301076,1909f56bfc062723c751e8b465ee728b)
Start importing Assets/Explosion.prefab using Guid(dd11eeba565e32b4a95dd7a9b618e6b8) Importer(815301076,1909f56bfc062723c751e8b465ee728b)  -> (artifact id: '7e0cf321e0e8b3873f740bbacdfb0286') in 0.019835 seconds
  Import took 0.025144 seconds .

========================================================================
Received Import Request.
  Time since last request: 0.000175 seconds.
  path: Assets/Enemy2.png
  artifactKey: Guid(33530cde284e52b4985133989dbd8936) Importer(815301076,1909f56bfc062723c751e8b465ee728b)
Start importing Assets/Enemy2.png using Guid(33530cde284e52b4985133989dbd8936) Importer(815301076,1909f56bfc062723c751e8b465ee728b)  -> (artifact id: '9736e9f29043bf986ba033f3b03067e6') in 0.014046 seconds
  Import took 0.019132 seconds .

========================================================================
Received Import Request.
  Time since last request: 0.000327 seconds.
  path: Assets/Waypoint.prefab
  artifactKey: Guid(aa87b1c8ec9ad7f4c8063a8d6a9e6953) Importer(815301076,1909f56bfc062723c751e8b465ee728b)
Start importing Assets/Waypoint.prefab using Guid(aa87b1c8ec9ad7f4c8063a8d6a9e6953) Importer(815301076,1909f56bfc062723c751e8b465ee728b)  -> (artifact id: '47ef23edeeab6954230f3b6eabd6bba4') in 0.005561 seconds
  Import took 0.010675 seconds .

========================================================================
Received Import Request.
  Time since last request: 0.000249 seconds.
  path: Assets/FloorTileInnerCorner.asset
  artifactKey: Guid(11f4d43fd586f3f45a27b10644aca60f) Importer(815301076,1909f56bfc062723c751e8b465ee728b)
Start importing Assets/FloorTileInnerCorner.asset using Guid(11f4d43fd586f3f45a27b10644aca60f) Importer(815301076,1909f56bfc062723c751e8b465ee728b)  -> (artifact id: '83a58d9873c0fffe7cba6d7be1a61131') in 0.020474 seconds
  Import took 0.025884 seconds .

========================================================================
Received Import Request.
  Time since last request: 0.000221 seconds.
  path: Assets/FloorWallSidingRight.png
  artifactKey: Guid(518c2ec9f5cb9774d97a962e7885a9f8) Importer(815301076,1909f56bfc062723c751e8b465ee728b)
Start importing Assets/FloorWallSidingRight.png using Guid(518c2ec9f5cb9774d97a962e7885a9f8) Importer(815301076,1909f56bfc062723c751e8b465ee728b)  -> (artifact id: '1e71c9ccb4129b5523d6ec2e70c63524') in 0.010444 seconds
  Import took 0.015825 seconds .

========================================================================
Received Import Request.
  Time since last request: 0.000231 seconds.
  path: Assets/Door-export1.png
  artifactKey: Guid(557c3fbc155dfb4459dd8c10e10cf88d) Importer(815301076,1909f56bfc062723c751e8b465ee728b)
Start importing Assets/Door-export1.png using Guid(557c3fbc155dfb4459dd8c10e10cf88d) Importer(815301076,1909f56bfc062723c751e8b465ee728b)  -> (artifact id: 'b080089b13c8d6806915da87c4faaeac') in 0.031961 seconds
  Import took 0.037009 seconds .

========================================================================
Received Import Request.
  Time since last request: 0.000192 seconds.
  path: Assets/PipelineAsset.asset
  artifactKey: Guid(6dba4af3a3a87474eaf790ba1ff9e8a4) Importer(815301076,1909f56bfc062723c751e8b465ee728b)
Start importing Assets/PipelineAsset.asset using Guid(6dba4af3a3a87474eaf790ba1ff9e8a4) Importer(815301076,1909f56bfc062723c751e8b465ee728b)  -> (artifact id: 'd97fe9f3261494575326dcb6ee56f3f1') in 0.004239 seconds
  Import took 0.009042 seconds .

========================================================================
Received Import Request.
  Time since last request: 0.000235 seconds.
  path: Assets/Dress-Shoes-on-Metal-Stairs--Fast--2-www.fesliyanstudios.com (1)-[AudioTrimmer.com].mp3
  artifactKey: Guid(a3d71a4e4c693f04e85ccc0349496eff) Importer(815301076,1909f56bfc062723c751e8b465ee728b)
Start importing Assets/Dress-Shoes-on-Metal-Stairs--Fast--2-www.fesliyanstudios.com (1)-[AudioTrimmer.com].mp3 using Guid(a3d71a4e4c693f04e85ccc0349496eff) Importer(815301076,1909f56bfc062723c751e8b465ee728b)  -> (artifact id: 'fb3bdf2e1f7ef917e0fdbd367a08bfb9') in 0.031146 seconds
  Import took 0.036257 seconds .

========================================================================
Received Import Request.
  Time since last request: 0.000193 seconds.
  path: Assets/FloorWallSidingTop.png
  artifactKey: Guid(a08bd87a3f946a249ac4ba5431535789) Importer(815301076,1909f56bfc062723c751e8b465ee728b)
Start importing Assets/FloorWallSidingTop.png using Guid(a08bd87a3f946a249ac4ba5431535789) Importer(815301076,1909f56bfc062723c751e8b465ee728b)  -> (artifact id: 'e3a3fc397fc596f8b5868b58d8314e49') in 0.014437 seconds
  Import took 0.019202 seconds .

========================================================================
Received Import Request.
  Time since last request: 0.000187 seconds.
  path: Assets/FloorTileOuterCorner.asset
  artifactKey: Guid(42456cd7c4e98b74aa0f0d03c3722616) Importer(815301076,1909f56bfc062723c751e8b465ee728b)
Start importing Assets/FloorTileOuterCorner.asset using Guid(42456cd7c4e98b74aa0f0d03c3722616) Importer(815301076,1909f56bfc062723c751e8b465ee728b)  -> (artifact id: 'e3f4c29832b22d2066648ef5a340d92d') in 0.016624 seconds
  Import took 0.021482 seconds .

========================================================================
Received Import Request.
  Time since last request: 0.000191 seconds.
  path: Assets/potential_scifi_music.mp3
  artifactKey: Guid(d6a8f689d2a348a48b7fe19fa1385882) Importer(815301076,1909f56bfc062723c751e8b465ee728b)
Start importing Assets/potential_scifi_music.mp3 using Guid(d6a8f689d2a348a48b7fe19fa1385882) Importer(815301076,1909f56bfc062723c751e8b465ee728b)  -> (artifact id: '91ce04cf51e3ab60ba2bde5fd674e4e9') in 0.021968 seconds
  Import took 0.026868 seconds .

========================================================================
Received Import Request.
  Time since last request: 0.000239 seconds.
  path: Assets/Helmet.png
  artifactKey: Guid(4d4f4c40ea95cd94391fda2f904a3285) Importer(815301076,1909f56bfc062723c751e8b465ee728b)
Start importing Assets/Helmet.png using Guid(4d4f4c40ea95cd94391fda2f904a3285) Importer(815301076,1909f56bfc062723c751e8b465ee728b)  -> (artifact id: '10cd2849b026646bf344a251d3f9e53a') in 0.014359 seconds
  Import took 0.020091 seconds .

========================================================================
Received Import Request.
  Time since last request: 0.000327 seconds.
  path: Assets/lazer_noise_shoot_thing.mp3
  artifactKey: Guid(b1186ee87cb21954da7c3b20bafacb11) Importer(815301076,1909f56bfc062723c751e8b465ee728b)
Start importing Assets/lazer_noise_shoot_thing.mp3 using Guid(b1186ee87cb21954da7c3b20bafacb11) Importer(815301076,1909f56bfc062723c751e8b465ee728b)  -> (artifact id: '85b53513776c31c4698459bdc5735f5b') in 0.013225 seconds
  Import took 0.018354 seconds .

========================================================================
Received Import Request.
  Time since last request: 0.000191 seconds.
  path: Assets/FloorTileFix.png
  artifactKey: Guid(d69ce9a91440cc444b00d8df41ac1296) Importer(815301076,1909f56bfc062723c751e8b465ee728b)
Start importing Assets/FloorTileFix.png using Guid(d69ce9a91440cc444b00d8df41ac1296) Importer(815301076,1909f56bfc062723c751e8b465ee728b)  -> (artifact id: '111dc738eeba07975e7e9cf5652c0477') in 0.010438 seconds
  Import took 0.015416 seconds .

========================================================================
Received Import Request.
  Time since last request: 0.000193 seconds.
  path: Assets/lazer_noise_shoot_thing.mp3
  artifactKey: Guid(b1186ee87cb21954da7c3b20bafacb11) Importer(815301076,1909f56bfc062723c751e8b465ee728b)
Start importing Assets/lazer_noise_shoot_thing.mp3 using Guid(b1186ee87cb21954da7c3b20bafacb11) Importer(815301076,1909f56bfc062723c751e8b465ee728b)  -> (artifact id: '85b53513776c31c4698459bdc5735f5b') in 0.009919 seconds
  Import took 0.014972 seconds .

========================================================================
Received Import Request.
  Time since last request: 0.000193 seconds.
  path: Assets/FloorTileFix.asset
  artifactKey: Guid(909efe17b9481bd4ebc393222c38a46b) Importer(815301076,1909f56bfc062723c751e8b465ee728b)
Start importing Assets/FloorTileFix.asset using Guid(909efe17b9481bd4ebc393222c38a46b) Importer(815301076,1909f56bfc062723c751e8b465ee728b)  -> (artifact id: '6e5015db713926e57e58e164ec40ce63') in 0.012332 seconds
  Import took 0.017483 seconds .

========================================================================
Received Import Request.
  Time since last request: 0.000188 seconds.
  path: Assets/FloorTileInnerCorner.png
  artifactKey: Guid(1e2573d0b90f18445936b1b9baf4454f) Importer(815301076,1909f56bfc062723c751e8b465ee728b)
Start importing Assets/FloorTileInnerCorner.png using Guid(1e2573d0b90f18445936b1b9baf4454f) Importer(815301076,1909f56bfc062723c751e8b465ee728b)  -> (artifact id: 'b7ccfe7ddae415ccfa6229f91684f47e') in 0.016433 seconds
  Import took 0.021401 seconds .

========================================================================
Received Import Request.
  Time since last request: 0.000217 seconds.
  path: Assets/2D_Renderer.asset
  artifactKey: Guid(b42ac1967a7c8d741be6e13bf6911c63) Importer(815301076,1909f56bfc062723c751e8b465ee728b)
Start importing Assets/2D_Renderer.asset using Guid(b42ac1967a7c8d741be6e13bf6911c63) Importer(815301076,1909f56bfc062723c751e8b465ee728b)  -> (artifact id: '0c9a8397fd3f11ebac6730a1cce2b562') in 0.009559 seconds
  Import took 0.015115 seconds .

========================================================================
Received Import Request.
  Time since last request: 0.000185 seconds.
  path: Assets/FloorTileInnerCorner.png
  artifactKey: Guid(1e2573d0b90f18445936b1b9baf4454f) Importer(815301076,1909f56bfc062723c751e8b465ee728b)
Start importing Assets/FloorTileInnerCorner.png using Guid(1e2573d0b90f18445936b1b9baf4454f) Importer(815301076,1909f56bfc062723c751e8b465ee728b)  -> (artifact id: 'b7ccfe7ddae415ccfa6229f91684f47e') in 0.009997 seconds
  Import took 0.014987 seconds .

========================================================================
Received Import Request.
  Time since last request: 0.000203 seconds.
  path: Assets/FloorWallSiding.png
  artifactKey: Guid(3a0f1e89f8d954f47b94ee2f5be581b3) Importer(815301076,1909f56bfc062723c751e8b465ee728b)
Start importing Assets/FloorWallSiding.png using Guid(3a0f1e89f8d954f47b94ee2f5be581b3) Importer(815301076,1909f56bfc062723c751e8b465ee728b)  -> (artifact id: 'd1fe0750d80fd20d70f177898e397d84') in 0.027950 seconds
  Import took 0.032686 seconds .

========================================================================
Received Import Request.
  Time since last request: 0.000191 seconds.
  path: Assets/Engine1.png
  artifactKey: Guid(740a21cd948f71e468d796fd330cc603) Importer(815301076,1909f56bfc062723c751e8b465ee728b)
Start importing Assets/Engine1.png using Guid(740a21cd948f71e468d796fd330cc603) Importer(815301076,1909f56bfc062723c751e8b465ee728b)  -> (artifact id: 'd0637e6ac9ed2ba40240761b215dd1e8') in 0.017645 seconds
  Import took 0.023319 seconds .

========================================================================
Received Import Request.
  Time since last request: 0.000171 seconds.
  path: Assets/Bullet.png
  artifactKey: Guid(98dbd0a36ddf8054898fd8d2bc6271d7) Importer(815301076,1909f56bfc062723c751e8b465ee728b)
Start importing Assets/Bullet.png using Guid(98dbd0a36ddf8054898fd8d2bc6271d7) Importer(815301076,1909f56bfc062723c751e8b465ee728b)  -> (artifact id: '7c9c8d0be9c37f864ef70da22e03a4e5') in 0.017026 seconds
  Import took 0.022194 seconds .

========================================================================
Received Import Request.
  Time since last request: 0.000208 seconds.
  path: Assets/FloorTileOuterCorner.png
  artifactKey: Guid(e7bb98654ee0e4447af963a07d96ba02) Importer(815301076,1909f56bfc062723c751e8b465ee728b)
Start importing Assets/FloorTileOuterCorner.png using Guid(e7bb98654ee0e4447af963a07d96ba02) Importer(815301076,1909f56bfc062723c751e8b465ee728b)  -> (artifact id: '773a1b59b116dd2ee9da4039ee8b9ea8') in 0.014143 seconds
  Import took 0.019429 seconds .

========================================================================
Received Import Request.
  Time since last request: 199.830897 seconds.
  path: Assets/Engine.cs
  artifactKey: Guid(c77d8efa8537d684f87f6ad147679112) Importer(815301076,1909f56bfc062723c751e8b465ee728b)
Start importing Assets/Engine.cs using Guid(c77d8efa8537d684f87f6ad147679112) Importer(815301076,1909f56bfc062723c751e8b465ee728b)  -> (artifact id: 'dc82c4e3554f6296867d760fa3d97442') in 0.013216 seconds
  Import took 0.018326 seconds .

========================================================================
Received Prepare
Registering precompiled user dll's ...
Registered in 0.002362 seconds.
Begin MonoManager ReloadAssembly
Native extension for WindowsStandalone target not found
Refreshing native plugins compatible for Editor in 1.03 ms, found 1 plugins.
Preloading 0 native plugins for Editor in 0.00 ms.
Invoked RoslynAnalysisRunner static constructor.
RoslynAnalysisRunner will not be running.
RoslynAnalysisRunner has terminated.
Mono: successfully reloaded assembly
- Completed reload, in  1.201 seconds
Platform modules already initialized, skipping
Shader 'Universal Render Pipeline/Particles/Lit': fallback shader 'Universal Render Pipeline/Particles/SimpleLit' not found
Refreshing native plugins compatible for Editor in 0.70 ms, found 1 plugins.
Preloading 0 native plugins for Editor in 0.00 ms.
Unloading 2832 Unused Serialized files (Serialized files now loaded: 0)
System memory in use before: 128.9 MB.
System memory in use after: 129.0 MB.

Unloading 13 unused Assets to reduce memory usage. Loaded Objects now: 3447.
Total: 3.393200 ms (FindLiveObjects: 0.377600 ms CreateObjectMapping: 0.088300 ms MarkObjects: 2.735700 ms  DeleteObjects: 0.189600 ms)

========================================================================
Received Import Request.
  Time since last request: 21.248366 seconds.
  path: Assets/Bullet.cs
  artifactKey: Guid(dbfcf646b9a839b46a58bceeecda0571) Importer(815301076,1909f56bfc062723c751e8b465ee728b)
Start importing Assets/Bullet.cs using Guid(dbfcf646b9a839b46a58bceeecda0571) Importer(815301076,1909f56bfc062723c751e8b465ee728b)  -> (artifact id: '623b90be7c2b9560c59fb382d0f9a7e5') in 0.009045 seconds
  Import took 0.014648 seconds .

========================================================================
Received Import Request.
  Time since last request: 15.626088 seconds.
  path: Assets/Player_Movement.cs
  artifactKey: Guid(29e36b00ebc4eca449b42ace38087fe8) Importer(815301076,1909f56bfc062723c751e8b465ee728b)
Start importing Assets/Player_Movement.cs using Guid(29e36b00ebc4eca449b42ace38087fe8) Importer(815301076,1909f56bfc062723c751e8b465ee728b)  -> (artifact id: '584e7db1e488764c821da165ca3ebbb7') in 0.012930 seconds
  Import took 0.020360 seconds .

========================================================================
Received Import Request.
  Time since last request: 0.029153 seconds.
  path: Assets/Player_Movement.cs
  artifactKey: Guid(29e36b00ebc4eca449b42ace38087fe8) Importer(815301076,1909f56bfc062723c751e8b465ee728b)
Start importing Assets/Player_Movement.cs using Guid(29e36b00ebc4eca449b42ace38087fe8) Importer(815301076,1909f56bfc062723c751e8b465ee728b)  -> (artifact id: '584e7db1e488764c821da165ca3ebbb7') in 0.009937 seconds
  Import took 0.017767 seconds .

========================================================================
Received Import Request.
  Time since last request: 36.934799 seconds.
  path: Assets/door.cs
  artifactKey: Guid(c6bd579e9f071174abc8befb95cc9ae4) Importer(815301076,1909f56bfc062723c751e8b465ee728b)
Start importing Assets/door.cs using Guid(c6bd579e9f071174abc8befb95cc9ae4) Importer(815301076,1909f56bfc062723c751e8b465ee728b)  -> (artifact id: '35fa242e926acf7494bd25832218b1d9') in 0.008752 seconds
  Import took 0.013995 seconds .

========================================================================
Received Prepare
Registering precompiled user dll's ...
Registered in 0.002210 seconds.
Begin MonoManager ReloadAssembly
Native extension for WindowsStandalone target not found
Refreshing native plugins compatible for Editor in 0.65 ms, found 1 plugins.
Preloading 0 native plugins for Editor in 0.00 ms.
Invoked RoslynAnalysisRunner static constructor.
RoslynAnalysisRunner will not be running.
RoslynAnalysisRunner has terminated.
Mono: successfully reloaded assembly
- Completed reload, in  1.137 seconds
Platform modules already initialized, skipping
Shader 'Universal Render Pipeline/Particles/Lit': fallback shader 'Universal Render Pipeline/Particles/SimpleLit' not found
Refreshing native plugins compatible for Editor in 0.63 ms, found 1 plugins.
Preloading 0 native plugins for Editor in 0.00 ms.
Unloading 2830 Unused Serialized files (Serialized files now loaded: 0)
System memory in use before: 129.8 MB.
System memory in use after: 129.9 MB.

Unloading 13 unused Assets to reduce memory usage. Loaded Objects now: 3450.
Total: 3.463900 ms (FindLiveObjects: 0.368300 ms CreateObjectMapping: 0.088900 ms MarkObjects: 2.845000 ms  DeleteObjects: 0.160400 ms)

========================================================================
Received Import Request.
  Time since last request: 90.212872 seconds.
  path: Assets/door.cs
  artifactKey: Guid(c6bd579e9f071174abc8befb95cc9ae4) Importer(815301076,1909f56bfc062723c751e8b465ee728b)
Start importing Assets/door.cs using Guid(c6bd579e9f071174abc8befb95cc9ae4) Importer(815301076,1909f56bfc062723c751e8b465ee728b)  -> (artifact id: 'b82b6f331af857a80a85c1b0a1654f1a') in 0.032219 seconds
  Import took 0.037327 seconds .

========================================================================
Received Import Request.
  Time since last request: 53.280187 seconds.
  path: Assets/zapsplat_science_fiction_gun_blaster_fire_dry_blank_61691.mp3
  artifactKey: Guid(499e89ba2e85c4f4d9edbc7db735c2d6) Importer(815301076,1909f56bfc062723c751e8b465ee728b)
Start importing Assets/zapsplat_science_fiction_gun_blaster_fire_dry_blank_61691.mp3 using Guid(499e89ba2e85c4f4d9edbc7db735c2d6) Importer(815301076,1909f56bfc062723c751e8b465ee728b)  -> (artifact id: 'b65a7d11110d050d6a5e385bb89939f9') in 0.054133 seconds
  Import took 0.059559 seconds .

========================================================================
Received Prepare
Registering precompiled user dll's ...
Registered in 0.002405 seconds.
Begin MonoManager ReloadAssembly
Native extension for WindowsStandalone target not found
Refreshing native plugins compatible for Editor in 0.67 ms, found 1 plugins.
Preloading 0 native plugins for Editor in 0.00 ms.
Invoked RoslynAnalysisRunner static constructor.
RoslynAnalysisRunner will not be running.
RoslynAnalysisRunner has terminated.
Mono: successfully reloaded assembly
- Completed reload, in  1.208 seconds
Platform modules already initialized, skipping
Shader 'Universal Render Pipeline/Particles/Lit': fallback shader 'Universal Render Pipeline/Particles/SimpleLit' not found
Refreshing native plugins compatible for Editor in 0.65 ms, found 1 plugins.
Preloading 0 native plugins for Editor in 0.00 ms.
Unloading 2830 Unused Serialized files (Serialized files now loaded: 0)
System memory in use before: 129.9 MB.
System memory in use after: 130.0 MB.

Unloading 13 unused Assets to reduce memory usage. Loaded Objects now: 3454.
Total: 3.292900 ms (FindLiveObjects: 0.402600 ms CreateObjectMapping: 0.086900 ms MarkObjects: 2.653000 ms  DeleteObjects: 0.148800 ms)

========================================================================
Received Import Request.
  Time since last request: 51.219733 seconds.
  path: Assets/Engine_sound.mp3
  artifactKey: Guid(14baa30f529d9784388e5ad2d47dd7a9) Importer(815301076,1909f56bfc062723c751e8b465ee728b)
Start importing Assets/Engine_sound.mp3 using Guid(14baa30f529d9784388e5ad2d47dd7a9) Importer(815301076,1909f56bfc062723c751e8b465ee728b)  -> (artifact id: 'a30eb851d75fb5afb4126145968a7b8b') in 0.058740 seconds
  Import took 0.064289 seconds .

========================================================================
Received Prepare
Registering precompiled user dll's ...
Registered in 0.002218 seconds.
Begin MonoManager ReloadAssembly
Native extension for WindowsStandalone target not found
Refreshing native plugins compatible for Editor in 0.67 ms, found 1 plugins.
Preloading 0 native plugins for Editor in 0.00 ms.
Invoked RoslynAnalysisRunner static constructor.
RoslynAnalysisRunner will not be running.
RoslynAnalysisRunner has terminated.
Mono: successfully reloaded assembly
- Completed reload, in  1.226 seconds
Platform modules already initialized, skipping
Shader 'Universal Render Pipeline/Particles/Lit': fallback shader 'Universal Render Pipeline/Particles/SimpleLit' not found
Refreshing native plugins compatible for Editor in 0.64 ms, found 1 plugins.
Preloading 0 native plugins for Editor in 0.00 ms.
Unloading 2830 Unused Serialized files (Serialized files now loaded: 0)
System memory in use before: 129.9 MB.
System memory in use after: 130.0 MB.

Unloading 13 unused Assets to reduce memory usage. Loaded Objects now: 3458.
Total: 3.271800 ms (FindLiveObjects: 0.365500 ms CreateObjectMapping: 0.085900 ms MarkObjects: 2.665400 ms  DeleteObjects: 0.153700 ms)

========================================================================
Received Prepare
Registering precompiled user dll's ...
Registered in 0.002356 seconds.
Begin MonoManager ReloadAssembly
Native extension for WindowsStandalone target not found
Refreshing native plugins compatible for Editor in 1.19 ms, found 1 plugins.
Preloading 0 native plugins for Editor in 0.00 ms.
Invoked RoslynAnalysisRunner static constructor.
RoslynAnalysisRunner will not be running.
RoslynAnalysisRunner has terminated.
Mono: successfully reloaded assembly
- Completed reload, in  1.258 seconds
Platform modules already initialized, skipping
Shader 'Universal Render Pipeline/Particles/Lit': fallback shader 'Universal Render Pipeline/Particles/SimpleLit' not found
Refreshing native plugins compatible for Editor in 0.67 ms, found 1 plugins.
Preloading 0 native plugins for Editor in 0.00 ms.
Unloading 2830 Unused Serialized files (Serialized files now loaded: 0)
System memory in use before: 129.7 MB.
System memory in use after: 129.8 MB.

Unloading 13 unused Assets to reduce memory usage. Loaded Objects now: 3461.
Total: 3.135200 ms (FindLiveObjects: 0.393000 ms CreateObjectMapping: 0.084600 ms MarkObjects: 2.504700 ms  DeleteObjects: 0.151700 ms)

========================================================================
Received Prepare
Registering precompiled user dll's ...
Registered in 0.004320 seconds.
Begin MonoManager ReloadAssembly
Native extension for WindowsStandalone target not found
Refreshing native plugins compatible for Editor in 0.64 ms, found 1 plugins.
Preloading 0 native plugins for Editor in 0.00 ms.
Invoked RoslynAnalysisRunner static constructor.
RoslynAnalysisRunner will not be running.
RoslynAnalysisRunner has terminated.
Mono: successfully reloaded assembly
- Completed reload, in  1.193 seconds
Platform modules already initialized, skipping
Shader 'Universal Render Pipeline/Particles/Lit': fallback shader 'Universal Render Pipeline/Particles/SimpleLit' not found
Refreshing native plugins compatible for Editor in 0.64 ms, found 1 plugins.
Preloading 0 native plugins for Editor in 0.00 ms.
Unloading 2830 Unused Serialized files (Serialized files now loaded: 0)
System memory in use before: 130.0 MB.
System memory in use after: 130.1 MB.

Unloading 13 unused Assets to reduce memory usage. Loaded Objects now: 3464.
Total: 3.227800 ms (FindLiveObjects: 0.361600 ms CreateObjectMapping: 0.086600 ms MarkObjects: 2.633000 ms  DeleteObjects: 0.145400 ms)

========================================================================
Received Prepare
Registering precompiled user dll's ...
Registered in 0.002242 seconds.
Begin MonoManager ReloadAssembly
Native extension for WindowsStandalone target not found
Refreshing native plugins compatible for Editor in 0.69 ms, found 1 plugins.
Preloading 0 native plugins for Editor in 0.00 ms.
Invoked RoslynAnalysisRunner static constructor.
RoslynAnalysisRunner will not be running.
RoslynAnalysisRunner has terminated.
Mono: successfully reloaded assembly
- Completed reload, in  1.201 seconds
Platform modules already initialized, skipping
Shader 'Universal Render Pipeline/Particles/Lit': fallback shader 'Universal Render Pipeline/Particles/SimpleLit' not found
Refreshing native plugins compatible for Editor in 0.64 ms, found 1 plugins.
Preloading 0 native plugins for Editor in 0.00 ms.
Unloading 2830 Unused Serialized files (Serialized files now loaded: 0)
System memory in use before: 130.0 MB.
System memory in use after: 130.1 MB.

Unloading 13 unused Assets to reduce memory usage. Loaded Objects now: 3467.
Total: 3.379700 ms (FindLiveObjects: 0.400800 ms CreateObjectMapping: 0.089000 ms MarkObjects: 2.731300 ms  DeleteObjects: 0.157400 ms)

========================================================================
Received Prepare
Registering precompiled user dll's ...
Registered in 0.005355 seconds.
Begin MonoManager ReloadAssembly
Native extension for WindowsStandalone target not found
Refreshing native plugins compatible for Editor in 0.65 ms, found 1 plugins.
Preloading 0 native plugins for Editor in 0.00 ms.
Invoked RoslynAnalysisRunner static constructor.
RoslynAnalysisRunner will not be running.
RoslynAnalysisRunner has terminated.
Mono: successfully reloaded assembly
- Completed reload, in  1.180 seconds
Platform modules already initialized, skipping
Shader 'Universal Render Pipeline/Particles/Lit': fallback shader 'Universal Render Pipeline/Particles/SimpleLit' not found
Refreshing native plugins compatible for Editor in 0.64 ms, found 1 plugins.
Preloading 0 native plugins for Editor in 0.00 ms.
Unloading 2830 Unused Serialized files (Serialized files now loaded: 0)
System memory in use before: 129.6 MB.
System memory in use after: 129.8 MB.

Unloading 13 unused Assets to reduce memory usage. Loaded Objects now: 3470.
Total: 3.151900 ms (FindLiveObjects: 0.356900 ms CreateObjectMapping: 0.086700 ms MarkObjects: 2.556600 ms  DeleteObjects: 0.150200 ms)

========================================================================
Received Import Request.
  Time since last request: 380.134331 seconds.
  path: Assets/Camera_Follow.cs
  artifactKey: Guid(a5c0d606e75754f4f94e180763d74d4f) Importer(815301076,1909f56bfc062723c751e8b465ee728b)
Start importing Assets/Camera_Follow.cs using Guid(a5c0d606e75754f4f94e180763d74d4f) Importer(815301076,1909f56bfc062723c751e8b465ee728b)  -> (artifact id: '37b60312430d430a56ebfc46f8f1bf77') in 0.012608 seconds
  Import took 0.017711 seconds .

========================================================================
Received Prepare
Registering precompiled user dll's ...
Registered in 0.002750 seconds.
Begin MonoManager ReloadAssembly
Native extension for WindowsStandalone target not found
Refreshing native plugins compatible for Editor in 0.65 ms, found 1 plugins.
Preloading 0 native plugins for Editor in 0.00 ms.
Invoked RoslynAnalysisRunner static constructor.
RoslynAnalysisRunner will not be running.
RoslynAnalysisRunner has terminated.
Mono: successfully reloaded assembly
- Completed reload, in  1.193 seconds
Platform modules already initialized, skipping
Shader 'Universal Render Pipeline/Particles/Lit': fallback shader 'Universal Render Pipeline/Particles/SimpleLit' not found
Refreshing native plugins compatible for Editor in 0.65 ms, found 1 plugins.
Preloading 0 native plugins for Editor in 0.00 ms.
Unloading 2830 Unused Serialized files (Serialized files now loaded: 0)
System memory in use before: 130.0 MB.
System memory in use after: 130.1 MB.

Unloading 13 unused Assets to reduce memory usage. Loaded Objects now: 3473.
Total: 3.355700 ms (FindLiveObjects: 0.381500 ms CreateObjectMapping: 0.086400 ms MarkObjects: 2.729500 ms  DeleteObjects: 0.156900 ms)

========================================================================
Received Prepare
Registering precompiled user dll's ...
Registered in 0.002223 seconds.
Begin MonoManager ReloadAssembly
Native extension for WindowsStandalone target not found
Refreshing native plugins compatible for Editor in 1.03 ms, found 1 plugins.
Preloading 0 native plugins for Editor in 0.00 ms.
Invoked RoslynAnalysisRunner static constructor.
RoslynAnalysisRunner will not be running.
RoslynAnalysisRunner has terminated.
Mono: successfully reloaded assembly
- Completed reload, in  1.227 seconds
Platform modules already initialized, skipping
Shader 'Universal Render Pipeline/Particles/Lit': fallback shader 'Universal Render Pipeline/Particles/SimpleLit' not found
Refreshing native plugins compatible for Editor in 0.64 ms, found 1 plugins.
Preloading 0 native plugins for Editor in 0.00 ms.
Unloading 2830 Unused Serialized files (Serialized files now loaded: 0)
System memory in use before: 129.9 MB.
System memory in use after: 130.0 MB.

Unloading 13 unused Assets to reduce memory usage. Loaded Objects now: 3476.
Total: 3.407600 ms (FindLiveObjects: 0.367700 ms CreateObjectMapping: 0.096600 ms MarkObjects: 2.785100 ms  DeleteObjects: 0.156900 ms)

========================================================================
Received Import Request.
  Time since last request: 108.509653 seconds.
  path: Assets/Scenes/Menu.unity
  artifactKey: Guid(fd61556a4c7c4e448b8f38270338d156) Importer(815301076,1909f56bfc062723c751e8b465ee728b)
Start importing Assets/Scenes/Menu.unity using Guid(fd61556a4c7c4e448b8f38270338d156) Importer(815301076,1909f56bfc062723c751e8b465ee728b)  -> (artifact id: '87222c7c479756cb53deb5ff0aecf10f') in 0.021680 seconds
  Import took 0.026973 seconds .

========================================================================
Received Prepare
Registering precompiled user dll's ...
Registered in 0.002226 seconds.
Begin MonoManager ReloadAssembly
Native extension for WindowsStandalone target not found
Refreshing native plugins compatible for Editor in 1.03 ms, found 1 plugins.
Preloading 0 native plugins for Editor in 0.00 ms.
Invoked RoslynAnalysisRunner static constructor.
RoslynAnalysisRunner will not be running.
RoslynAnalysisRunner has terminated.
Mono: successfully reloaded assembly
- Completed reload, in  1.211 seconds
Platform modules already initialized, skipping
Shader 'Universal Render Pipeline/Particles/Lit': fallback shader 'Universal Render Pipeline/Particles/SimpleLit' not found
Refreshing native plugins compatible for Editor in 0.70 ms, found 1 plugins.
Preloading 0 native plugins for Editor in 0.00 ms.
Unloading 2830 Unused Serialized files (Serialized files now loaded: 0)
System memory in use before: 130.0 MB.
System memory in use after: 130.1 MB.

Unloading 13 unused Assets to reduce memory usage. Loaded Objects now: 3479.
Total: 3.741500 ms (FindLiveObjects: 0.443800 ms CreateObjectMapping: 0.126400 ms MarkObjects: 3.010900 ms  DeleteObjects: 0.158700 ms)

========================================================================
Received Import Request.
  Time since last request: 80.436805 seconds.
  path: Assets/Scenes/Game_Instructions_1.png
  artifactKey: Guid(9632b20d2266db94c9fa9c9a4019a799) Importer(815301076,1909f56bfc062723c751e8b465ee728b)
Start importing Assets/Scenes/Game_Instructions_1.png using Guid(9632b20d2266db94c9fa9c9a4019a799) Importer(815301076,1909f56bfc062723c751e8b465ee728b)  -> (artifact id: 'e3bee4b49ea507e668efc097cc54417c') in 0.088420 seconds
  Import took 0.093830 seconds .

========================================================================
Received Prepare
Registering precompiled user dll's ...
Registered in 0.002207 seconds.
Begin MonoManager ReloadAssembly
Native extension for WindowsStandalone target not found
Refreshing native plugins compatible for Editor in 0.65 ms, found 1 plugins.
Preloading 0 native plugins for Editor in 0.00 ms.
Invoked RoslynAnalysisRunner static constructor.
RoslynAnalysisRunner will not be running.
RoslynAnalysisRunner has terminated.
Mono: successfully reloaded assembly
- Completed reload, in  1.195 seconds
Platform modules already initialized, skipping
Shader 'Universal Render Pipeline/Particles/Lit': fallback shader 'Universal Render Pipeline/Particles/SimpleLit' not found
Refreshing native plugins compatible for Editor in 0.64 ms, found 1 plugins.
Preloading 0 native plugins for Editor in 0.00 ms.
Unloading 2830 Unused Serialized files (Serialized files now loaded: 0)
System memory in use before: 130.0 MB.
System memory in use after: 130.1 MB.

Unloading 13 unused Assets to reduce memory usage. Loaded Objects now: 3485.
Total: 3.447900 ms (FindLiveObjects: 0.447300 ms CreateObjectMapping: 0.089900 ms MarkObjects: 2.747000 ms  DeleteObjects: 0.162000 ms)

========================================================================
Received Prepare
Registering precompiled user dll's ...
Registered in 0.002423 seconds.
Begin MonoManager ReloadAssembly
Native extension for WindowsStandalone target not found
Refreshing native plugins compatible for Editor in 0.65 ms, found 1 plugins.
Preloading 0 native plugins for Editor in 0.00 ms.
Invoked RoslynAnalysisRunner static constructor.
RoslynAnalysisRunner will not be running.
RoslynAnalysisRunner has terminated.
Mono: successfully reloaded assembly
- Completed reload, in  1.209 seconds
Platform modules already initialized, skipping
Shader 'Universal Render Pipeline/Particles/Lit': fallback shader 'Universal Render Pipeline/Particles/SimpleLit' not found
Refreshing native plugins compatible for Editor in 0.66 ms, found 1 plugins.
Preloading 0 native plugins for Editor in 0.00 ms.
Unloading 2830 Unused Serialized files (Serialized files now loaded: 0)
System memory in use before: 129.8 MB.
System memory in use after: 130.0 MB.

Unloading 13 unused Assets to reduce memory usage. Loaded Objects now: 3488.
Total: 3.542900 ms (FindLiveObjects: 0.397100 ms CreateObjectMapping: 0.095700 ms MarkObjects: 2.890200 ms  DeleteObjects: 0.158500 ms)

========================================================================
Received Prepare
Registering precompiled user dll's ...
Registered in 0.002197 seconds.
Begin MonoManager ReloadAssembly
Native extension for WindowsStandalone target not found
Refreshing native plugins compatible for Editor in 0.65 ms, found 1 plugins.
Preloading 0 native plugins for Editor in 0.00 ms.
Invoked RoslynAnalysisRunner static constructor.
RoslynAnalysisRunner will not be running.
RoslynAnalysisRunner has terminated.
Mono: successfully reloaded assembly
- Completed reload, in  1.206 seconds
Platform modules already initialized, skipping
Shader 'Universal Render Pipeline/Particles/Lit': fallback shader 'Universal Render Pipeline/Particles/SimpleLit' not found
Refreshing native plugins compatible for Editor in 0.66 ms, found 1 plugins.
Preloading 0 native plugins for Editor in 0.00 ms.
Unloading 2830 Unused Serialized files (Serialized files now loaded: 0)
System memory in use before: 130.0 MB.
System memory in use after: 130.1 MB.

Unloading 13 unused Assets to reduce memory usage. Loaded Objects now: 3491.
Total: 4.167800 ms (FindLiveObjects: 0.433200 ms CreateObjectMapping: 0.111200 ms MarkObjects: 3.428100 ms  DeleteObjects: 0.193100 ms)

========================================================================
Received Prepare
Registering precompiled user dll's ...
Registered in 0.002250 seconds.
Begin MonoManager ReloadAssembly
Native extension for WindowsStandalone target not found
Refreshing native plugins compatible for Editor in 0.65 ms, found 1 plugins.
Preloading 0 native plugins for Editor in 0.00 ms.
Invoked RoslynAnalysisRunner static constructor.
RoslynAnalysisRunner will not be running.
RoslynAnalysisRunner has terminated.
Mono: successfully reloaded assembly
- Completed reload, in  1.221 seconds
Platform modules already initialized, skipping
Shader 'Universal Render Pipeline/Particles/Lit': fallback shader 'Universal Render Pipeline/Particles/SimpleLit' not found
Refreshing native plugins compatible for Editor in 0.65 ms, found 1 plugins.
Preloading 0 native plugins for Editor in 0.00 ms.
Unloading 2830 Unused Serialized files (Serialized files now loaded: 0)
System memory in use before: 130.0 MB.
System memory in use after: 130.2 MB.

Unloading 13 unused Assets to reduce memory usage. Loaded Objects now: 3494.
Total: 3.131800 ms (FindLiveObjects: 0.369300 ms CreateObjectMapping: 0.086400 ms MarkObjects: 2.526200 ms  DeleteObjects: 0.148700 ms)

========================================================================
Received Prepare
Registering precompiled user dll's ...
Registered in 0.002418 seconds.
Begin MonoManager ReloadAssembly
Native extension for WindowsStandalone target not found
Refreshing native plugins compatible for Editor in 1.02 ms, found 1 plugins.
Preloading 0 native plugins for Editor in 0.00 ms.
Invoked RoslynAnalysisRunner static constructor.
RoslynAnalysisRunner will not be running.
RoslynAnalysisRunner has terminated.
Mono: successfully reloaded assembly
- Completed reload, in  1.189 seconds
Platform modules already initialized, skipping
Shader 'Universal Render Pipeline/Particles/Lit': fallback shader 'Universal Render Pipeline/Particles/SimpleLit' not found
Refreshing native plugins compatible for Editor in 0.64 ms, found 1 plugins.
Preloading 0 native plugins for Editor in 0.00 ms.
Unloading 2830 Unused Serialized files (Serialized files now loaded: 0)
System memory in use before: 129.8 MB.
System memory in use after: 129.9 MB.

Unloading 13 unused Assets to reduce memory usage. Loaded Objects now: 3497.
Total: 3.067100 ms (FindLiveObjects: 0.372600 ms CreateObjectMapping: 0.087300 ms MarkObjects: 2.457700 ms  DeleteObjects: 0.148700 ms)

AssetImportWorkerClient::OnTransportError - code=2 error=End of file
